2014/06/15 16:39:24 にビルドを開始しました。
     1>ノード 2 上のプロジェクト "C:\Users\日憂雅\Documents\FirstShootingGame2\firstGame\firstGame.vcxproj" (Build ターゲット)。
     1>C:\Program Files (x86)\MSBuild\Microsoft.Cpp\v4.0\V120\Microsoft.CppBuild.targets(381,5): warning MSB8028: The intermediate directory (Debug\) contains files shared from another project (firstGame.vcxproj).  This can lead to incorrect clean and rebuild behavior.
     1>ClCompile:
         C:\Program Files (x86)\Microsoft Visual Studio 12.0\VC\bin\CL.exe /c /I"C:\DxLib_VC\プロジェクトに追加すべきファイル_VC用" /ZI /nologo /W3 /WX- /sdl /Od /Oy- /D WIN32 /D _DEBUG /D _WINDOWS /D _MBCS /Gm /EHsc /RTC1 /MTd /GS /fp:precise /Zc:wchar_t /Zc:forScope /Fo"Debug\\" /Fd"Debug\vc120.pdb" /Gd /TP /analyze- /errorReport:prompt WinMain.cpp
         WinMain.cpp
     1>c:\users\日憂雅\documents\firstshootinggame2\firstgame\winmain.cpp(21): error C2065: 'newX' : 定義されていない識別子です。
     1>c:\users\日憂雅\documents\firstshootinggame2\firstgame\winmain.cpp(21): error C2065: 'newY' : 定義されていない識別子です。
     1>c:\users\日憂雅\documents\firstshootinggame2\firstgame\winmain.cpp(23): error C2065: 'newY' : 定義されていない識別子です。
     1>c:\users\日憂雅\documents\firstshootinggame2\firstgame\winmain.cpp(24): error C2065: 'newX' : 定義されていない識別子です。
     1>c:\users\日憂雅\documents\firstshootinggame2\firstgame\winmain.cpp(27): error C2065: 'newY' : 定義されていない識別子です。
     1>c:\users\日憂雅\documents\firstshootinggame2\firstgame\winmain.cpp(31): error C2065: 'newX' : 定義されていない識別子です。
     1>c:\users\日憂雅\documents\firstshootinggame2\firstgame\winmain.cpp(36): error C2059: 構文エラー : ']'
     1>c:\users\日憂雅\documents\firstshootinggame2\firstgame\winmain.cpp(42): error C2601: 'WinMain' : ローカル関数の定義が正しくありません。
                 c:\users\日憂雅\documents\firstshootinggame2\firstgame\winmain.cpp(20): この行は '{' を含んでいますが、これに対応するものがありません。
     1>c:\users\日憂雅\documents\firstshootinggame2\firstgame\winmain.cpp(192): fatal error C1075: 左側 中かっこ '{' に対応するものが 'c:\users\日憂雅\documents\firstshootinggame2\firstgame\winmain.cpp(20)' で見つかる前に EOF が検出されました。
     1>プロジェクト "C:\Users\日憂雅\Documents\FirstShootingGame2\firstGame\firstGame.vcxproj" (Build ターゲット) のビルドが終了しました -- 失敗。

ビルドに失敗しました。

経過時間 00:00:01.89
